2025-08-26 20:40:39.141 | INFO     | utils.utils_logger:<module>:38 - Logging to file: logs\project_log.log
2025-08-26 20:40:39.150 | INFO     | __main__:main:106 - START producer...
2025-08-26 20:40:39.150 | INFO     | __main__:main:107 - Hit CTRL c (or CMD c) to close.
2025-08-26 20:40:39.151 | INFO     | __main__:get_message_interval:53 - Messages will be sent every 3 seconds.
2025-08-26 20:40:39.151 | INFO     | __main__:main:114 - I just shared a movie! It was amazing.
2025-08-26 20:40:42.152 | INFO     | __main__:main:114 - I just tried a trick! It was weird.
2025-08-26 20:40:45.153 | INFO     | __main__:main:114 - I just shared a movie! It was boring.
2025-08-26 20:40:48.154 | INFO     | __main__:main:114 - I just saw a meme! It was weird.
2025-08-26 20:40:51.156 | INFO     | __main__:main:114 - I just loved a meme! It was exciting.
2025-08-26 20:40:54.158 | INFO     | __main__:main:114 - I just saw a trick! It was exciting.
2025-08-26 20:40:57.159 | INFO     | __main__:main:114 - I just saw a meme! It was boring.
2025-08-26 20:41:00.161 | INFO     | __main__:main:114 - I just loved a meme! It was amazing.
2025-08-26 20:41:03.163 | INFO     | __main__:main:114 - I just shared an app! It was funny.
2025-08-26 20:41:06.164 | INFO     | __main__:main:114 - I just loved a meme! It was funny.
2025-08-26 20:41:09.165 | INFO     | __main__:main:114 - I just found a movie! It was boring.
2025-08-26 20:41:12.166 | INFO     | __main__:main:114 - I just loved a story! It was funny.
2025-08-26 20:41:15.168 | INFO     | __main__:main:114 - I just saw a trick! It was boring.
2025-08-26 20:41:18.170 | INFO     | __main__:main:114 - I just shared an app! It was boring.
2025-08-26 20:41:21.171 | INFO     | __main__:main:114 - I just saw a meme! It was weird.
2025-08-26 20:41:24.172 | INFO     | __main__:main:114 - I just loved a movie! It was boring.
2025-08-26 20:41:27.174 | INFO     | __main__:main:114 - I just shared a story! It was boring.
2025-08-26 20:41:30.176 | INFO     | __main__:main:114 - I just loved a movie! It was amazing.
2025-08-26 20:41:33.177 | INFO     | __main__:main:114 - I just saw a trick! It was boring.
2025-08-26 20:41:36.178 | INFO     | __main__:main:114 - I just saw a meme! It was amazing.
2025-08-26 20:41:39.180 | INFO     | __main__:main:114 - I just loved a movie! It was exciting.
2025-08-26 20:41:42.181 | INFO     | __main__:main:114 - I just found a story! It was amazing.
2025-08-26 20:41:45.182 | INFO     | __main__:main:114 - I just tried an app! It was exciting.
2025-08-26 20:41:48.184 | INFO     | __main__:main:114 - I just shared a movie! It was funny.
2025-08-26 20:41:51.185 | INFO     | __main__:main:114 - I just saw a story! It was exciting.
2025-08-26 20:41:54.186 | INFO     | __main__:main:114 - I just found a trick! It was funny.
2025-08-26 20:41:57.187 | INFO     | __main__:main:114 - I just tried a story! It was boring.
2025-08-26 20:42:00.189 | INFO     | __main__:main:114 - I just saw a trick! It was boring.
2025-08-26 20:42:03.190 | INFO     | __main__:main:114 - I just loved a trick! It was boring.
2025-08-26 20:42:06.190 | INFO     | __main__:main:114 - I just tried a meme! It was weird.
2025-08-26 20:42:09.191 | INFO     | __main__:main:114 - I just found a trick! It was funny.
2025-08-26 20:42:12.193 | INFO     | __main__:main:114 - I just shared a trick! It was exciting.
2025-08-26 20:42:15.195 | INFO     | __main__:main:114 - I just loved a movie! It was amazing.
2025-08-26 20:42:18.196 | INFO     | __main__:main:114 - I just saw a meme! It was boring.
2025-08-26 20:42:21.197 | INFO     | __main__:main:114 - I just loved a movie! It was exciting.
2025-08-26 20:42:24.197 | INFO     | __main__:main:114 - I just found a movie! It was weird.
2025-08-26 20:42:27.199 | INFO     | __main__:main:114 - I just found a story! It was weird.
2025-08-26 20:42:30.201 | INFO     | __main__:main:114 - I just saw a movie! It was boring.
2025-08-26 20:42:33.201 | INFO     | __main__:main:114 - I just loved a trick! It was amazing.
2025-08-26 20:42:36.202 | INFO     | __main__:main:114 - I just found a story! It was exciting.
2025-08-26 20:42:39.203 | INFO     | __main__:main:114 - I just found a movie! It was weird.
2025-08-26 20:42:42.204 | INFO     | __main__:main:114 - I just shared a trick! It was weird.
2025-08-26 20:42:45.205 | INFO     | __main__:main:114 - I just shared a trick! It was weird.
2025-08-26 20:42:48.206 | INFO     | __main__:main:114 - I just shared an app! It was weird.
2025-08-26 20:42:51.206 | INFO     | __main__:main:114 - I just found a movie! It was amazing.
2025-08-26 20:42:54.207 | INFO     | __main__:main:114 - I just found a movie! It was funny.
2025-08-26 20:42:57.208 | INFO     | __main__:main:114 - I just saw a trick! It was amazing.
2025-08-26 20:43:00.209 | INFO     | __main__:main:114 - I just found an app! It was weird.
2025-08-26 20:43:03.209 | INFO     | __main__:main:114 - I just found an app! It was funny.
2025-08-26 20:43:06.210 | INFO     | __main__:main:114 - I just loved a movie! It was boring.
2025-08-26 20:43:09.210 | INFO     | __main__:main:114 - I just saw a story! It was exciting.
2025-08-26 20:43:12.215 | INFO     | __main__:main:114 - I just found a story! It was boring.
2025-08-26 20:43:15.217 | INFO     | __main__:main:114 - I just saw a trick! It was exciting.
2025-08-26 20:43:18.218 | INFO     | __main__:main:114 - I just loved a meme! It was amazing.
2025-08-26 20:43:21.219 | INFO     | __main__:main:114 - I just found a story! It was weird.
2025-08-26 20:43:24.220 | INFO     | __main__:main:114 - I just loved a movie! It was exciting.
2025-08-26 20:43:27.222 | INFO     | __main__:main:114 - I just tried a story! It was weird.
2025-08-26 20:43:30.224 | INFO     | __main__:main:114 - I just loved a movie! It was funny.
2025-08-26 20:43:33.226 | INFO     | __main__:main:114 - I just saw a story! It was weird.
2025-08-26 20:43:36.227 | INFO     | __main__:main:114 - I just saw an app! It was funny.
2025-08-26 20:43:39.228 | INFO     | __main__:main:114 - I just found an app! It was weird.
2025-08-26 20:43:42.229 | INFO     | __main__:main:114 - I just found a trick! It was weird.
2025-08-26 20:43:45.231 | INFO     | __main__:main:114 - I just saw a meme! It was funny.
2025-08-26 20:43:48.233 | INFO     | __main__:main:114 - I just tried a meme! It was boring.
2025-08-26 20:43:51.233 | INFO     | __main__:main:114 - I just tried a story! It was boring.
2025-08-26 20:43:54.235 | INFO     | __main__:main:114 - I just tried a trick! It was amazing.
2025-08-26 20:43:57.236 | INFO     | __main__:main:114 - I just loved a movie! It was exciting.
2025-08-26 20:44:00.238 | INFO     | __main__:main:114 - I just found a trick! It was funny.
2025-08-26 20:44:03.240 | INFO     | __main__:main:114 - I just loved a movie! It was weird.
2025-08-26 20:44:06.247 | INFO     | __main__:main:114 - I just loved a movie! It was funny.
2025-08-26 20:44:09.248 | INFO     | __main__:main:114 - I just tried a movie! It was boring.
2025-08-26 20:44:12.249 | INFO     | __main__:main:114 - I just tried an app! It was amazing.
2025-08-26 20:44:15.250 | INFO     | __main__:main:114 - I just shared an app! It was weird.
2025-08-26 20:44:18.252 | INFO     | __main__:main:114 - I just loved an app! It was boring.
2025-08-26 20:44:21.253 | INFO     | __main__:main:114 - I just saw a movie! It was boring.
2025-08-26 20:44:24.255 | INFO     | __main__:main:114 - I just loved an app! It was exciting.
2025-08-26 20:44:27.255 | INFO     | __main__:main:114 - I just tried a movie! It was exciting.
2025-08-26 20:44:30.256 | INFO     | __main__:main:114 - I just shared a meme! It was weird.
2025-08-26 20:44:33.258 | INFO     | __main__:main:114 - I just found a meme! It was exciting.
2025-08-26 20:44:36.259 | INFO     | __main__:main:114 - I just found an app! It was funny.
2025-08-26 20:44:39.260 | INFO     | __main__:main:114 - I just loved a movie! It was weird.
2025-08-26 20:44:42.262 | INFO     | __main__:main:114 - I just tried a movie! It was weird.
2025-08-26 20:44:45.263 | INFO     | __main__:main:114 - I just found a movie! It was boring.
2025-08-26 20:44:48.264 | INFO     | __main__:main:114 - I just tried a trick! It was funny.
2025-08-26 20:44:51.266 | INFO     | __main__:main:114 - I just shared a movie! It was funny.
2025-08-26 20:44:54.267 | INFO     | __main__:main:114 - I just shared an app! It was amazing.
2025-08-26 20:44:57.269 | INFO     | __main__:main:114 - I just tried a movie! It was exciting.
2025-08-26 20:45:00.270 | INFO     | __main__:main:114 - I just shared an app! It was funny.
2025-08-26 20:45:03.277 | INFO     | __main__:main:114 - I just found a trick! It was amazing.
2025-08-26 20:45:06.278 | INFO     | __main__:main:114 - I just loved a movie! It was amazing.
2025-08-26 20:45:09.278 | INFO     | __main__:main:114 - I just found a story! It was weird.
2025-08-26 20:45:12.279 | INFO     | __main__:main:114 - I just shared a story! It was exciting.
2025-08-26 20:45:15.280 | INFO     | __main__:main:114 - I just saw a story! It was weird.
2025-08-26 20:45:18.280 | INFO     | __main__:main:114 - I just found a story! It was weird.
2025-08-26 20:45:21.281 | INFO     | __main__:main:114 - I just tried a story! It was exciting.
2025-08-26 20:45:24.283 | INFO     | __main__:main:114 - I just found a trick! It was weird.
2025-08-26 20:45:27.285 | INFO     | __main__:main:114 - I just tried a meme! It was funny.
2025-08-26 20:45:30.287 | INFO     | __main__:main:114 - I just tried a movie! It was funny.
2025-08-26 20:45:33.288 | INFO     | __main__:main:114 - I just saw a meme! It was amazing.
2025-08-26 20:45:36.288 | INFO     | __main__:main:114 - I just shared a trick! It was weird.
2025-08-26 20:45:39.290 | INFO     | __main__:main:114 - I just found an app! It was exciting.
2025-08-26 20:45:42.291 | INFO     | __main__:main:114 - I just loved a story! It was exciting.
2025-08-26 20:45:45.292 | INFO     | __main__:main:114 - I just loved a trick! It was boring.
2025-08-26 20:45:48.293 | INFO     | __main__:main:114 - I just saw an app! It was funny.
2025-08-26 20:45:51.293 | INFO     | __main__:main:114 - I just loved a meme! It was exciting.
2025-08-26 20:45:54.295 | INFO     | __main__:main:114 - I just loved a meme! It was weird.
2025-08-26 20:45:57.297 | INFO     | __main__:main:114 - I just tried a meme! It was boring.
2025-08-26 20:46:00.299 | INFO     | __main__:main:114 - I just saw a story! It was amazing.
2025-08-26 20:46:03.300 | INFO     | __main__:main:114 - I just found a trick! It was funny.
2025-08-26 20:46:06.301 | INFO     | __main__:main:114 - I just tried a story! It was weird.
2025-08-26 20:46:09.302 | INFO     | __main__:main:114 - I just saw a movie! It was amazing.
2025-08-26 20:46:12.304 | INFO     | __main__:main:114 - I just loved a meme! It was amazing.
2025-08-26 20:46:15.305 | INFO     | __main__:main:114 - I just saw a story! It was weird.
2025-08-26 20:46:18.307 | INFO     | __main__:main:114 - I just loved a meme! It was exciting.
2025-08-26 20:46:21.308 | INFO     | __main__:main:114 - I just found a meme! It was funny.
2025-08-26 20:46:24.310 | INFO     | __main__:main:114 - I just loved an app! It was weird.
2025-08-26 20:46:27.312 | INFO     | __main__:main:114 - I just tried an app! It was boring.
2025-08-26 20:46:30.314 | INFO     | __main__:main:114 - I just shared a story! It was amazing.
2025-08-26 20:46:33.316 | INFO     | __main__:main:114 - I just tried a trick! It was boring.
2025-08-26 20:46:36.317 | INFO     | __main__:main:114 - I just loved a trick! It was weird.
2025-08-26 20:46:39.319 | INFO     | __main__:main:114 - I just tried a trick! It was funny.
2025-08-26 20:46:42.321 | INFO     | __main__:main:114 - I just saw a movie! It was exciting.
2025-08-26 20:46:45.322 | INFO     | __main__:main:114 - I just shared a meme! It was funny.
2025-08-26 20:46:48.324 | INFO     | __main__:main:114 - I just found a movie! It was amazing.
2025-08-26 20:46:51.325 | INFO     | __main__:main:114 - I just shared a movie! It was weird.
2025-08-26 20:46:54.326 | INFO     | __main__:main:114 - I just found a meme! It was boring.
2025-08-26 20:46:57.328 | INFO     | __main__:main:114 - I just loved a trick! It was exciting.
2025-08-26 20:47:00.329 | INFO     | __main__:main:114 - I just shared a story! It was weird.
2025-08-26 20:47:03.331 | INFO     | __main__:main:114 - I just shared a trick! It was exciting.
2025-08-26 20:47:06.332 | INFO     | __main__:main:114 - I just shared an app! It was amazing.
2025-08-26 20:47:09.333 | INFO     | __main__:main:114 - I just saw a story! It was funny.
2025-08-26 20:47:12.334 | INFO     | __main__:main:114 - I just loved a movie! It was funny.
2025-08-26 20:47:15.336 | INFO     | __main__:main:114 - I just saw a movie! It was exciting.
2025-08-26 20:47:18.338 | INFO     | __main__:main:114 - I just saw an app! It was exciting.
2025-08-26 20:47:21.340 | INFO     | __main__:main:114 - I just loved an app! It was boring.
2025-08-26 20:47:24.342 | INFO     | __main__:main:114 - I just loved a meme! It was boring.
2025-08-26 20:47:27.343 | INFO     | __main__:main:114 - I just found a story! It was amazing.
2025-08-26 20:47:30.345 | INFO     | __main__:main:114 - I just loved a movie! It was amazing.
2025-08-26 20:47:33.346 | INFO     | __main__:main:114 - I just saw a trick! It was boring.
2025-08-26 20:47:36.348 | INFO     | __main__:main:114 - I just found a story! It was boring.
2025-08-26 20:47:39.349 | INFO     | __main__:main:114 - I just tried a movie! It was funny.
2025-08-26 20:47:42.349 | INFO     | __main__:main:114 - I just tried a movie! It was exciting.
2025-08-26 20:47:45.350 | INFO     | __main__:main:114 - I just found a trick! It was exciting.
2025-08-26 20:47:48.352 | INFO     | __main__:main:114 - I just shared a movie! It was amazing.
2025-08-26 20:47:51.353 | INFO     | __main__:main:114 - I just loved a meme! It was boring.
2025-08-26 20:47:54.354 | INFO     | __main__:main:114 - I just tried a movie! It was funny.
2025-08-26 20:47:57.354 | INFO     | __main__:main:114 - I just found an app! It was weird.
2025-08-26 20:48:00.355 | INFO     | __main__:main:114 - I just shared a trick! It was weird.
2025-08-26 20:48:03.356 | INFO     | __main__:main:114 - I just tried a trick! It was weird.
2025-08-26 20:48:06.357 | INFO     | __main__:main:114 - I just saw a story! It was exciting.
2025-08-26 20:48:09.358 | INFO     | __main__:main:114 - I just tried a story! It was exciting.
2025-08-26 20:48:12.360 | INFO     | __main__:main:114 - I just loved a story! It was amazing.
2025-08-26 20:48:15.361 | INFO     | __main__:main:114 - I just tried a movie! It was weird.
2025-08-26 20:48:18.363 | INFO     | __main__:main:114 - I just found an app! It was weird.
2025-08-26 20:48:21.365 | INFO     | __main__:main:114 - I just shared a story! It was funny.
2025-08-26 20:48:24.366 | INFO     | __main__:main:114 - I just loved a meme! It was weird.
2025-08-26 20:48:27.368 | INFO     | __main__:main:114 - I just tried an app! It was exciting.
2025-08-26 20:48:30.369 | INFO     | __main__:main:114 - I just tried a movie! It was funny.
2025-08-26 20:48:33.370 | INFO     | __main__:main:114 - I just found a movie! It was amazing.
2025-08-26 20:48:36.371 | INFO     | __main__:main:114 - I just tried a meme! It was boring.
2025-08-26 20:48:39.373 | INFO     | __main__:main:114 - I just shared a story! It was amazing.
2025-08-26 20:48:42.374 | INFO     | __main__:main:114 - I just tried an app! It was weird.
2025-08-26 20:48:45.375 | INFO     | __main__:main:114 - I just shared a movie! It was boring.
2025-08-26 20:48:48.377 | INFO     | __main__:main:114 - I just tried a movie! It was exciting.
2025-08-26 20:48:51.379 | INFO     | __main__:main:114 - I just found a trick! It was amazing.
2025-08-26 20:48:54.380 | INFO     | __main__:main:114 - I just shared a movie! It was exciting.
2025-08-26 20:48:57.381 | INFO     | __main__:main:114 - I just found a meme! It was weird.
2025-08-26 20:49:00.383 | INFO     | __main__:main:114 - I just shared a story! It was boring.
2025-08-26 20:49:03.385 | INFO     | __main__:main:114 - I just tried a movie! It was weird.
2025-08-26 20:49:06.387 | INFO     | __main__:main:114 - I just saw a story! It was boring.
2025-08-26 20:49:09.389 | INFO     | __main__:main:114 - I just tried a trick! It was exciting.
2025-08-26 20:49:12.391 | INFO     | __main__:main:114 - I just tried a meme! It was amazing.
2025-08-26 20:49:15.393 | INFO     | __main__:main:114 - I just saw a meme! It was boring.
2025-08-26 20:49:18.395 | INFO     | __main__:main:114 - I just loved a movie! It was amazing.
2025-08-26 20:49:21.397 | INFO     | __main__:main:114 - I just shared a meme! It was funny.
2025-08-26 20:49:24.398 | INFO     | __main__:main:114 - I just found a trick! It was amazing.
2025-08-26 20:49:27.399 | INFO     | __main__:main:114 - I just shared a meme! It was weird.
2025-08-26 20:49:30.400 | INFO     | __main__:main:114 - I just loved a meme! It was boring.
2025-08-26 20:49:33.401 | INFO     | __main__:main:114 - I just saw a movie! It was amazing.
2025-08-26 20:49:36.402 | INFO     | __main__:main:114 - I just saw a meme! It was weird.
2025-08-26 20:49:39.404 | INFO     | __main__:main:114 - I just found a meme! It was boring.
2025-08-26 20:49:42.405 | INFO     | __main__:main:114 - I just shared a meme! It was exciting.
2025-08-26 20:49:45.407 | INFO     | __main__:main:114 - I just saw a meme! It was funny.
2025-08-26 20:49:48.408 | INFO     | __main__:main:114 - I just saw a movie! It was amazing.
2025-08-26 20:49:51.410 | INFO     | __main__:main:114 - I just saw a meme! It was weird.
2025-08-26 20:49:54.411 | INFO     | __main__:main:114 - I just loved an app! It was weird.
2025-08-26 20:49:57.412 | INFO     | __main__:main:114 - I just tried a meme! It was exciting.
2025-08-26 20:50:00.413 | INFO     | __main__:main:114 - I just loved a meme! It was boring.
2025-08-26 20:50:03.414 | INFO     | __main__:main:114 - I just saw an app! It was amazing.
2025-08-26 20:50:06.416 | INFO     | __main__:main:114 - I just saw an app! It was weird.
2025-08-26 20:50:09.417 | INFO     | __main__:main:114 - I just found a trick! It was exciting.
2025-08-26 20:50:12.419 | INFO     | __main__:main:114 - I just saw a trick! It was amazing.
2025-08-26 20:50:15.421 | INFO     | __main__:main:114 - I just loved a meme! It was boring.
2025-08-26 20:50:18.423 | INFO     | __main__:main:114 - I just found a movie! It was boring.
2025-08-26 20:50:21.425 | INFO     | __main__:main:114 - I just saw a meme! It was funny.
2025-08-26 20:50:24.427 | INFO     | __main__:main:114 - I just loved an app! It was boring.
2025-08-26 20:50:27.428 | INFO     | __main__:main:114 - I just tried a story! It was funny.
2025-08-26 20:50:30.430 | INFO     | __main__:main:114 - I just loved a story! It was funny.
2025-08-26 20:50:33.431 | INFO     | __main__:main:114 - I just tried a meme! It was weird.
2025-08-26 20:50:36.432 | INFO     | __main__:main:114 - I just shared a movie! It was funny.
2025-08-26 20:50:39.434 | INFO     | __main__:main:114 - I just loved an app! It was exciting.
2025-08-26 20:50:42.436 | INFO     | __main__:main:114 - I just shared an app! It was weird.
2025-08-26 20:50:45.438 | INFO     | __main__:main:114 - I just found an app! It was funny.
2025-08-26 20:50:48.439 | INFO     | __main__:main:114 - I just saw an app! It was funny.
2025-08-26 20:50:51.440 | INFO     | __main__:main:114 - I just shared a story! It was funny.
2025-08-26 20:50:54.441 | INFO     | __main__:main:114 - I just loved a trick! It was weird.
2025-08-26 20:50:57.443 | INFO     | __main__:main:114 - I just found an app! It was funny.
2025-08-26 20:51:00.444 | INFO     | __main__:main:114 - I just saw an app! It was amazing.
2025-08-26 20:51:03.445 | INFO     | __main__:main:114 - I just shared an app! It was exciting.
2025-08-26 20:51:06.446 | INFO     | __main__:main:114 - I just loved a movie! It was amazing.
